# JRE version: Java(TM) SE Runtime Environment (17.0.9+11) (build 17.0.9+11-LTS-201)
# Java VM: Java HotSpot(TM) 64-Bit Server VM (17.0.9+11-LTS-201, mixed mode, emulated-client, sharing, tiered, compressed oops, compressed class ptrs, g1 gc, windows-amd64)
GC Precious Log:
 CPUs: 16 total, 16 available
 Memory: 16010M
 Large Page Support: Disabled
 NUMA Support: Disabled
 Compressed Oops: Enabled (Zero based)
 Heap Region Size: 2M
 Heap Min Capacity: 8M
 Heap Initial Capacity: 252M
 Heap Max Capacity: 4004M
 Pre-touch: Disabled
 Parallel Workers: 13
 Concurrent Workers: 3
 Concurrent Refinement Workers: 13
 Periodic GC: Disabled
Heap:
 garbage-first heap   total 274432K, used 87902K [0x0000000705c00000, 0x0000000800000000)
  region size 2048K, 5 young (10240K), 5 survivors (10240K)
 Metaspace       used 139290K, committed 140864K, reserved 1179648K
  class space    used 17513K, committed 18496K, reserved 1048576K
GC Heap History (20 events):
Event: 17869.717 GC heap after
{Heap after GC invocations=297 (full 36):
 garbage-first heap   total 274432K, used 101023K [0x0000000705c00000, 0x0000000800000000)
  region size 2048K, 8 young (16384K), 8 survivors (16384K)
 Metaspace       used 133301K, committed 136384K, reserved 1179648K
  class space    used 17023K, committed 18560K, reserved 1048576K
}
Event: 17869.727 GC heap before
{Heap before GC invocations=297 (full 36):
 garbage-first heap   total 274432K, used 103071K [0x0000000705c00000, 0x0000000800000000)
  region size 2048K, 9 young (18432K), 8 survivors (16384K)
 Metaspace       used 133301K, committed 136384K, reserved 1179648K
  class space    used 17023K, committed 18560K, reserved 1048576K
}
Event: 17869.734 GC heap after
{Heap after GC invocations=298 (full 36):
 garbage-first heap   total 274432K, used 102527K [0x0000000705c00000, 0x0000000800000000)
  region size 2048K, 2 young (4096K), 2 survivors (4096K)
 Metaspace       used 133301K, committed 136384K, reserved 1179648K
  class space    used 17023K, committed 18560K, reserved 1048576K
}
Event: 17870.381 GC heap before
{Heap before GC invocations=298 (full 36):
 garbage-first heap   total 274432K, used 219263K [0x0000000705c00000, 0x0000000800000000)
  region size 2048K, 59 young (120832K), 2 survivors (4096K)
 Metaspace       used 134986K, committed 137024K, reserved 1179648K
  class space    used 17140K, committed 18560K, reserved 1048576K
}
Event: 17870.385 GC heap after
{Heap after GC invocations=299 (full 36):
 garbage-first heap   total 274432K, used 113597K [0x0000000705c00000, 0x0000000800000000)
  region size 2048K, 7 young (14336K), 7 survivors (14336K)
 Metaspace       used 134986K, committed 137024K, reserved 1179648K
  class space    used 17140K, committed 18560K, reserved 1048576K
}
Event: 17939.183 GC heap before
{Heap before GC invocations=300 (full 36):
 garbage-first heap   total 274432K, used 179133K [0x0000000705c00000, 0x0000000800000000)
  region size 2048K, 40 young (81920K), 7 survivors (14336K)
 Metaspace       used 134976K, committed 137088K, reserved 1179648K
  class space    used 17133K, committed 18560K, reserved 1048576K
}
Event: 17939.235 GC heap after
{Heap after GC invocations=301 (full 37):
 garbage-first heap   total 274432K, used 75725K [0x0000000705c00000, 0x0000000800000000)
  region size 2048K, 0 young (0K), 0 survivors (0K)
 Metaspace       used 131764K, committed 134720K, reserved 1179648K
  class space    used 16821K, committed 18496K, reserved 1048576K
}
Event: 17939.682 GC heap before
{Heap before GC invocations=301 (full 37):
 garbage-first heap   total 274432K, used 206797K [0x0000000705c00000, 0x0000000800000000)
  region size 2048K, 64 young (131072K), 0 survivors (0K)
 Metaspace       used 133159K, committed 135296K, reserved 1179648K
  class space    used 16976K, committed 18496K, reserved 1048576K
}
Event: 17939.685 GC heap after
{Heap after GC invocations=302 (full 37):
 garbage-first heap   total 274432K, used 85443K [0x0000000705c00000, 0x0000000800000000)
  region size 2048K, 5 young (10240K), 5 survivors (10240K)
 Metaspace       used 133159K, committed 135296K, reserved 1179648K
  class space    used 16976K, committed 18496K, reserved 1048576K
}
Event: 17940.078 GC heap before
{Heap before GC invocations=303 (full 37):
 garbage-first heap   total 274432K, used 208323K [0x0000000705c00000, 0x0000000800000000)
  region size 2048K, 65 young (133120K), 5 survivors (10240K)
 Metaspace       used 134892K, committed 136896K, reserved 1179648K
  class space    used 17102K, committed 18496K, reserved 1048576K
}
Event: 17940.085 GC heap after
{Heap after GC invocations=304 (full 37):
 garbage-first heap   total 274432K, used 96387K [0x0000000705c00000, 0x0000000800000000)
  region size 2048K, 9 young (18432K), 9 survivors (18432K)
 Metaspace       used 134892K, committed 136896K, reserved 1179648K
  class space    used 17102K, committed 18496K, reserved 1048576K
}
Event: 18048.532 GC heap before
{Heap before GC invocations=304 (full 37):
 garbage-first heap   total 274432K, used 188547K [0x0000000705c00000, 0x0000000800000000)
  region size 2048K, 55 young (112640K), 9 survivors (18432K)
 Metaspace       used 134926K, committed 136896K, reserved 1179648K
  class space    used 17104K, committed 18496K, reserved 1048576K
}
Event: 18048.593 GC heap after
{Heap after GC invocations=305 (full 38):
 garbage-first heap   total 274432K, used 78056K [0x0000000705c00000, 0x0000000800000000)
  region size 2048K, 0 young (0K), 0 survivors (0K)
 Metaspace       used 134861K, committed 136896K, reserved 1179648K
  class space    used 17096K, committed 18496K, reserved 1048576K
}
Event: 18049.229 GC heap before
{Heap before GC invocations=305 (full 38):
 garbage-first heap   total 274432K, used 207080K [0x0000000705c00000, 0x0000000800000000)
  region size 2048K, 63 young (129024K), 0 survivors (0K)
 Metaspace       used 136256K, committed 138112K, reserved 1179648K
  class space    used 17256K, committed 18496K, reserved 1048576K
}
Event: 18049.232 GC heap after
{Heap after GC invocations=306 (full 38):
 garbage-first heap   total 274432K, used 88077K [0x0000000705c00000, 0x0000000800000000)
  region size 2048K, 5 young (10240K), 5 survivors (10240K)
 Metaspace       used 136256K, committed 138112K, reserved 1179648K
  class space    used 17256K, committed 18496K, reserved 1048576K
}
Event: 18049.875 GC heap before
{Heap before GC invocations=307 (full 38):
 garbage-first heap   total 274432K, used 208909K [0x0000000705c00000, 0x0000000800000000)
  region size 2048K, 64 young (131072K), 5 survivors (10240K)
 Metaspace       used 137942K, committed 139648K, reserved 1179648K
  class space    used 17369K, committed 18496K, reserved 1048576K
}
Event: 18049.880 GC heap after
{Heap after GC invocations=308 (full 38):
 garbage-first heap   total 274432K, used 99050K [0x0000000705c00000, 0x0000000800000000)
  region size 2048K, 7 young (14336K), 7 survivors (14336K)
 Metaspace       used 137942K, committed 139648K, reserved 1179648K
  class space    used 17369K, committed 18496K, reserved 1048576K
}
Event: 18051.500 GC heap before
{Heap before GC invocations=308 (full 38):
 garbage-first heap   total 274432K, used 123626K [0x0000000705c00000, 0x0000000800000000)
  region size 2048K, 20 young (40960K), 7 survivors (14336K)
 Metaspace       used 137976K, committed 139712K, reserved 1179648K
  class space    used 17372K, committed 18496K, reserved 1048576K
}
Event: 18051.551 GC heap after
{Heap after GC invocations=309 (full 39):
 garbage-first heap   total 274432K, used 78687K [0x0000000705c00000, 0x0000000800000000)
  region size 2048K, 0 young (0K), 0 survivors (0K)
 Metaspace       used 137914K, committed 139712K, reserved 1179648K
  class space    used 17362K, committed 18496K, reserved 1048576K
}
Event: 18051.959 GC heap before
{Heap before GC invocations=309 (full 39):
 garbage-first heap   total 274432K, used 201567K [0x0000000705c00000, 0x0000000800000000)
  region size 2048K, 61 young (124928K), 0 survivors (0K)
 Metaspace       used 139290K, committed 140864K, reserved 1179648K
  class space    used 17513K, committed 18496K, reserved 1048576K
}

