# JRE version: Java(TM) SE Runtime Environment (17.0.9+11) (build 17.0.9+11-LTS-201)
# Java VM: Java HotSpot(TM) 64-Bit Server VM (17.0.9+11-LTS-201, mixed mode, emulated-client, sharing, tiered, compressed oops, compressed class ptrs, g1 gc, windows-amd64)
GC Precious Log:
 CPUs: 16 total, 16 available
 Memory: 16010M
 Large Page Support: Disabled
 NUMA Support: Disabled
 Compressed Oops: Enabled (Zero based)
 Heap Region Size: 2M
 Heap Min Capacity: 8M
 Heap Initial Capacity: 252M
 Heap Max Capacity: 4004M
 Pre-touch: Disabled
 Parallel Workers: 13
 Concurrent Workers: 3
 Concurrent Refinement Workers: 13
 Periodic GC: Disabled
Heap:
 garbage-first heap   total 239616K, used 133211K [0x0000000705c00000, 0x0000000800000000)
  region size 2048K, 34 young (69632K), 8 survivors (16384K)
 Metaspace       used 97782K, committed 98496K, reserved 1179648K
  class space    used 13634K, committed 13952K, reserved 1048576K
GC Heap History (20 events):
Event: 9876.005 GC heap before
{Heap before GC invocations=137 (full 13):
 garbage-first heap   total 212992K, used 134703K [0x0000000705c00000, 0x0000000800000000)
  region size 2048K, 35 young (71680K), 5 survivors (10240K)
 Metaspace       used 92590K, committed 93632K, reserved 1179648K
  class space    used 13148K, committed 13824K, reserved 1048576K
}
Event: 9876.048 GC heap after
{Heap after GC invocations=138 (full 14):
 garbage-first heap   total 212992K, used 61182K [0x0000000705c00000, 0x0000000800000000)
  region size 2048K, 0 young (0K), 0 survivors (0K)
 Metaspace       used 89958K, committed 91520K, reserved 1179648K
  class space    used 12901K, committed 13696K, reserved 1048576K
}
Event: 9876.369 GC heap before
{Heap before GC invocations=138 (full 14):
 garbage-first heap   total 212992K, used 153342K [0x0000000705c00000, 0x0000000800000000)
  region size 2048K, 46 young (94208K), 0 survivors (0K)
 Metaspace       used 91001K, committed 92032K, reserved 1179648K
  class space    used 13023K, committed 13696K, reserved 1048576K
}
Event: 9876.372 GC heap after
{Heap after GC invocations=139 (full 14):
 garbage-first heap   total 212992K, used 69303K [0x0000000705c00000, 0x0000000800000000)
  region size 2048K, 4 young (8192K), 4 survivors (8192K)
 Metaspace       used 91001K, committed 92032K, reserved 1179648K
  class space    used 13023K, committed 13696K, reserved 1048576K
}
Event: 9876.610 GC heap before
{Heap before GC invocations=140 (full 14):
 garbage-first heap   total 212992K, used 157367K [0x0000000705c00000, 0x0000000800000000)
  region size 2048K, 47 young (96256K), 4 survivors (8192K)
 Metaspace       used 91829K, committed 92800K, reserved 1179648K
  class space    used 13094K, committed 13696K, reserved 1048576K
}
Event: 9876.613 GC heap after
{Heap after GC invocations=141 (full 14):
 garbage-first heap   total 212992K, used 75530K [0x0000000705c00000, 0x0000000800000000)
  region size 2048K, 4 young (8192K), 4 survivors (8192K)
 Metaspace       used 91829K, committed 92800K, reserved 1179648K
  class space    used 13094K, committed 13696K, reserved 1048576K
}
Event: 9876.620 GC heap before
{Heap before GC invocations=141 (full 14):
 garbage-first heap   total 212992K, used 77578K [0x0000000705c00000, 0x0000000800000000)
  region size 2048K, 5 young (10240K), 4 survivors (8192K)
 Metaspace       used 91843K, committed 92800K, reserved 1179648K
  class space    used 13096K, committed 13696K, reserved 1048576K
}
Event: 9876.622 GC heap after
{Heap after GC invocations=142 (full 14):
 garbage-first heap   total 256000K, used 76771K [0x0000000705c00000, 0x0000000800000000)
  region size 2048K, 1 young (2048K), 1 survivors (2048K)
 Metaspace       used 91843K, committed 92800K, reserved 1179648K
  class space    used 13096K, committed 13696K, reserved 1048576K
}
Event: 9916.459 GC heap before
{Heap before GC invocations=142 (full 14):
 garbage-first heap   total 256000K, used 154595K [0x0000000705c00000, 0x0000000800000000)
  region size 2048K, 40 young (81920K), 1 survivors (2048K)
 Metaspace       used 92584K, committed 93504K, reserved 1179648K
  class space    used 13148K, committed 13696K, reserved 1048576K
}
Event: 9916.511 GC heap after
{Heap after GC invocations=143 (full 15):
 garbage-first heap   total 245760K, used 62850K [0x0000000705c00000, 0x0000000800000000)
  region size 2048K, 0 young (0K), 0 survivors (0K)
 Metaspace       used 92559K, committed 93504K, reserved 1179648K
  class space    used 13146K, committed 13696K, reserved 1048576K
}
Event: 9917.082 GC heap before
{Heap before GC invocations=143 (full 15):
 garbage-first heap   total 245760K, used 177538K [0x0000000705c00000, 0x0000000800000000)
  region size 2048K, 57 young (116736K), 0 survivors (0K)
 Metaspace       used 93782K, committed 94528K, reserved 1179648K
  class space    used 13288K, committed 13696K, reserved 1048576K
}
Event: 9917.085 GC heap after
{Heap after GC invocations=144 (full 15):
 garbage-first heap   total 245760K, used 70957K [0x0000000705c00000, 0x0000000800000000)
  region size 2048K, 4 young (8192K), 4 survivors (8192K)
 Metaspace       used 93782K, committed 94528K, reserved 1179648K
  class space    used 13288K, committed 13696K, reserved 1048576K
}
Event: 9917.581 GC heap before
{Heap before GC invocations=145 (full 15):
 garbage-first heap   total 245760K, used 183597K [0x0000000705c00000, 0x0000000800000000)
  region size 2048K, 59 young (120832K), 4 survivors (8192K)
 Metaspace       used 95110K, committed 95808K, reserved 1179648K
  class space    used 13390K, committed 13696K, reserved 1048576K
}
Event: 9917.585 GC heap after
{Heap after GC invocations=146 (full 15):
 garbage-first heap   total 245760K, used 80779K [0x0000000705c00000, 0x0000000800000000)
  region size 2048K, 8 young (16384K), 8 survivors (16384K)
 Metaspace       used 95110K, committed 95808K, reserved 1179648K
  class space    used 13390K, committed 13696K, reserved 1048576K
}
Event: 9919.195 GC heap before
{Heap before GC invocations=146 (full 15):
 garbage-first heap   total 245760K, used 99211K [0x0000000705c00000, 0x0000000800000000)
  region size 2048K, 18 young (36864K), 8 survivors (16384K)
 Metaspace       used 95206K, committed 95872K, reserved 1179648K
  class space    used 13397K, committed 13696K, reserved 1048576K
}
Event: 9919.247 GC heap after
{Heap after GC invocations=147 (full 16):
 garbage-first heap   total 239616K, used 64504K [0x0000000705c00000, 0x0000000800000000)
  region size 2048K, 0 young (0K), 0 survivors (0K)
 Metaspace       used 95181K, committed 95872K, reserved 1179648K
  class space    used 13394K, committed 13696K, reserved 1048576K
}
Event: 9919.585 GC heap before
{Heap before GC invocations=147 (full 16):
 garbage-first heap   total 239616K, used 179192K [0x0000000705c00000, 0x0000000800000000)
  region size 2048K, 56 young (114688K), 0 survivors (0K)
 Metaspace       used 96369K, committed 97088K, reserved 1179648K
  class space    used 13531K, committed 13888K, reserved 1048576K
}
Event: 9919.588 GC heap after
{Heap after GC invocations=148 (full 16):
 garbage-first heap   total 239616K, used 73874K [0x0000000705c00000, 0x0000000800000000)
  region size 2048K, 5 young (10240K), 5 survivors (10240K)
 Metaspace       used 96369K, committed 97088K, reserved 1179648K
  class space    used 13531K, committed 13888K, reserved 1048576K
}
Event: 9919.902 GC heap before
{Heap before GC invocations=149 (full 16):
 garbage-first heap   total 239616K, used 180370K [0x0000000705c00000, 0x0000000800000000)
  region size 2048K, 57 young (116736K), 5 survivors (10240K)
 Metaspace       used 97680K, committed 98368K, reserved 1179648K
  class space    used 13625K, committed 13952K, reserved 1048576K
}
Event: 9919.905 GC heap after
{Heap after GC invocations=150 (full 16):
 garbage-first heap   total 239616K, used 82011K [0x0000000705c00000, 0x0000000800000000)
  region size 2048K, 8 young (16384K), 8 survivors (16384K)
 Metaspace       used 97680K, committed 98368K, reserved 1179648K
  class space    used 13625K, committed 13952K, reserved 1048576K
}

